<?xml version="1.0" encoding="UTF-8"?>
<!-- Generated by org.testng.reporters.JUnitReportReporter -->
<testsuite skipped="0" hostname="sairam-PC" name="com.newHRM.basics.FbLogin" tests="2" failures="0" timestamp="06 Nov 2020 10:05:24 GMT" time="0.023" errors="0">
  <testcase name="verifyTitle" time="0.012" classname="com.newHRM.basics.FbLogin"/>
  <testcase name="verifyUrl" time="0.011" classname="com.newHRM.basics.FbLogin"/>
</testsuite> <!-- com.newHRM.basics.FbLogin -->
