<?xml version="1.0" encoding="UTF-8"?>
<!-- Generated by org.testng.reporters.JUnitReportReporter -->
<testsuite skipped="0" hostname="sairam-PC" name="com.newHRM.basics.FbLogin" tests="2" failures="0" timestamp="2020-11-06T15:41:38 IST" time="0.059" errors="0">
  <testcase name="verifyTitle" time="0.026" classname="com.newHRM.basics.FbLogin"/>
  <system-out/>
  <testcase name="verifyUrl" time="0.033" classname="com.newHRM.basics.FbLogin"/>
  <system-out/>
</testsuite> <!-- com.newHRM.basics.FbLogin -->
